0 info it worked if it ends with ok
1 verbose cli [ 'c:\\Program Files\\nodejs\\node.exe',
1 verbose cli   'c:\\Program Files\\nodejs\\node_modules\\npm\\bin\\npm-cli.js',
1 verbose cli   'i',
1 verbose cli   'sleep',
1 verbose cli   '--save' ]
2 info using npm@2.7.4
3 info using node@v0.12.2
4 silly cache add args [ 'sleep', null ]
5 verbose cache add spec sleep
6 silly cache add parsed spec { raw: 'sleep',
6 silly cache add   scope: null,
6 silly cache add   name: 'sleep',
6 silly cache add   rawSpec: '',
6 silly cache add   spec: '*',
6 silly cache add   type: 'range' }
7 verbose addNamed sleep@*
8 silly addNamed semver.valid null
9 silly addNamed semver.validRange *
10 silly addNameRange { name: 'sleep', range: '*', hasData: false }
11 silly mapToRegistry name sleep
12 silly mapToRegistry using default registry
13 silly mapToRegistry registry https://registry.npmjs.org/
14 silly mapToRegistry uri https://registry.npmjs.org/sleep
15 verbose addNameRange registry:https://registry.npmjs.org/sleep not in flight; fetching
16 verbose request uri https://registry.npmjs.org/sleep
17 verbose request no auth needed
18 info attempt registry request try #1 at 04:46:49
19 verbose request id 2ce862be734bfd14
20 http request GET https://registry.npmjs.org/sleep
21 http 200 https://registry.npmjs.org/sleep
22 silly get cb [ 200,
22 silly get   { server: 'CouchDB/1.5.0 (Erlang OTP/R16B03)',
22 silly get     etag: '"5SCSTTORHIJ7FI58H6ZBLLKJP"',
22 silly get     'content-type': 'application/json',
22 silly get     'cache-control': 'max-age=60',
22 silly get     'content-length': '14711',
22 silly get     'accept-ranges': 'bytes',
22 silly get     date: 'Sat, 18 Jul 2015 07:46:50 GMT',
22 silly get     via: '1.1 varnish',
22 silly get     age: '0',
22 silly get     connection: 'keep-alive',
22 silly get     'x-served-by': 'cache-atl6223-ATL',
22 silly get     'x-cache': 'MISS',
22 silly get     'x-cache-hits': '0',
22 silly get     'x-timer': 'S1437205610.731626,VS0,VE27',
22 silly get     vary: 'Accept' } ]
23 verbose get saving sleep to C:\Users\Renan\AppData\Roaming\npm-cache\registry.npmjs.org\sleep\.cache.json
24 silly addNameRange number 2 { name: 'sleep', range: '*', hasData: true }
25 silly addNameRange versions [ 'sleep',
25 silly addNameRange   [ '1.0.0',
25 silly addNameRange     '1.0.1',
25 silly addNameRange     '1.0.2',
25 silly addNameRange     '1.1.0',
25 silly addNameRange     '1.1.1',
25 silly addNameRange     '1.1.2',
25 silly addNameRange     '1.1.3',
25 silly addNameRange     '1.1.4',
25 silly addNameRange     '1.1.5',
25 silly addNameRange     '1.1.6',
25 silly addNameRange     '1.1.7',
25 silly addNameRange     '1.1.8',
25 silly addNameRange     '1.2.0',
25 silly addNameRange     '2.0.0' ] ]
26 verbose addNamed sleep@2.0.0
27 silly addNamed semver.valid 2.0.0
28 silly addNamed semver.validRange 2.0.0
29 silly mapToRegistry name sleep
30 silly mapToRegistry using default registry
31 silly mapToRegistry registry https://registry.npmjs.org/
32 silly mapToRegistry uri https://registry.npmjs.org/sleep
33 verbose addRemoteTarball https://registry.npmjs.org/sleep/-/sleep-2.0.0.tgz not in flight; adding
34 verbose addRemoteTarball [ 'https://registry.npmjs.org/sleep/-/sleep-2.0.0.tgz',
34 verbose addRemoteTarball   '96d8ef97970ecad464b146ea5e86dd5d6ceb65bc' ]
35 info retry fetch attempt 1 at 04:46:51
36 info attempt registry request try #1 at 04:46:51
37 http fetch GET https://registry.npmjs.org/sleep/-/sleep-2.0.0.tgz
38 http fetch 200 https://registry.npmjs.org/sleep/-/sleep-2.0.0.tgz
39 silly fetchAndShaCheck shasum 96d8ef97970ecad464b146ea5e86dd5d6ceb65bc
40 verbose addTmpTarball C:\Users\Renan\AppData\Local\Temp\npm-6988-2044664d\registry.npmjs.org\sleep\-\sleep-2.0.0.tgz not in flight; adding
41 verbose addTmpTarball already have metadata; skipping unpack for sleep@2.0.0
42 silly cache afterAdd sleep@2.0.0
43 verbose afterAdd C:\Users\Renan\AppData\Roaming\npm-cache\sleep\2.0.0\package\package.json not in flight; writing
44 verbose afterAdd C:\Users\Renan\AppData\Roaming\npm-cache\sleep\2.0.0\package\package.json written
45 silly install resolved [ { name: 'sleep',
45 silly install resolved     version: '2.0.0',
45 silly install resolved     main: 'index.js',
45 silly install resolved     description: 'Add sleep() and usleep() to nodejs',
45 silly install resolved     homepage: 'http://github.com/ErikDubbelboer/node-sleep',
45 silly install resolved     author: { name: 'Erik Dubbelboer', email: 'erik@dubbelboer.com' },
45 silly install resolved     engines: { node: '>=0.4.0' },
45 silly install resolved     keywords: [ 'sleep', 'usleep' ],
45 silly install resolved     repository:
45 silly install resolved      { type: 'git',
45 silly install resolved        url: 'https://github.com/ErikDubbelboer/node-sleep.git' },
45 silly install resolved     dependencies: { nan: '*' },
45 silly install resolved     gypfile: true,
45 silly install resolved     scripts: { install: 'node-gyp rebuild' },
45 silly install resolved     gitHead: '3c850e05250d3ad72499fb0cefc4be13e9ce24d2',
45 silly install resolved     bugs: { url: 'https://github.com/ErikDubbelboer/node-sleep/issues' },
45 silly install resolved     _id: 'sleep@2.0.0',
45 silly install resolved     _shasum: '96d8ef97970ecad464b146ea5e86dd5d6ceb65bc',
45 silly install resolved     _from: 'sleep@*',
45 silly install resolved     _npmVersion: '1.4.28',
45 silly install resolved     _npmUser: { name: 'erikdubbelboer', email: 'erik@dubbelboer.com' },
45 silly install resolved     maintainers: [ [Object] ],
45 silly install resolved     dist:
45 silly install resolved      { shasum: '96d8ef97970ecad464b146ea5e86dd5d6ceb65bc',
45 silly install resolved        tarball: 'http://registry.npmjs.org/sleep/-/sleep-2.0.0.tgz' },
45 silly install resolved     directories: {},
45 silly install resolved     _resolved: 'https://registry.npmjs.org/sleep/-/sleep-2.0.0.tgz' } ]
46 info install sleep@2.0.0 into F:\luver-box\server\public\www\labs\automation-server-client
47 info installOne sleep@2.0.0
48 verbose installOne of sleep to F:\luver-box\server\public\www\labs\automation-server-client not in flight; installing
49 verbose lock using C:\Users\Renan\AppData\Roaming\npm-cache\_locks\sleep-426146a2144ca0e9.lock for F:\luver-box\server\public\www\labs\automation-server-client\node_modules\sleep
50 silly install write writing sleep 2.0.0 to F:\luver-box\server\public\www\labs\automation-server-client\node_modules\sleep
51 silly cache addNamed cb sleep@2.0.0
52 verbose unbuild node_modules\sleep
53 silly gentlyRm F:\luver-box\server\public\www\labs\automation-server-client\node_modules\sleep is being purged from base F:\luver-box\server\public\www\labs\automation-server-client
54 verbose gentlyRm don't care about contents; nuking F:\luver-box\server\public\www\labs\automation-server-client\node_modules\sleep
55 verbose tar unpack C:\Users\Renan\AppData\Roaming\npm-cache\sleep\2.0.0\package.tgz
56 verbose tar unpacking to F:\luver-box\server\public\www\labs\automation-server-client\node_modules\sleep
57 silly gentlyRm F:\luver-box\server\public\www\labs\automation-server-client\node_modules\sleep is being purged
58 verbose gentlyRm don't care about contents; nuking F:\luver-box\server\public\www\labs\automation-server-client\node_modules\sleep
59 silly gunzTarPerm modes [ '777', '666' ]
60 silly gunzTarPerm extractEntry package.json
61 silly gunzTarPerm modified mode [ 'package.json', 436, 438 ]
62 silly gunzTarPerm extractEntry .npmignore
63 silly gunzTarPerm modified mode [ '.npmignore', 436, 438 ]
64 silly gunzTarPerm extractEntry README.md
65 silly gunzTarPerm modified mode [ 'README.md', 436, 438 ]
66 silly gunzTarPerm extractEntry test.js
67 silly gunzTarPerm modified mode [ 'test.js', 436, 438 ]
68 silly gunzTarPerm extractEntry index.js
69 silly gunzTarPerm modified mode [ 'index.js', 436, 438 ]
70 silly gunzTarPerm extractEntry LICENSE.txt
71 silly gunzTarPerm modified mode [ 'LICENSE.txt', 436, 438 ]
72 silly gunzTarPerm extractEntry sleep.cc
73 silly gunzTarPerm modified mode [ 'sleep.cc', 436, 438 ]
74 silly gunzTarPerm extractEntry binding.gyp
75 silly gunzTarPerm modified mode [ 'binding.gyp', 436, 438 ]
76 info preinstall sleep@2.0.0
77 silly prepareForInstallMany adding nan@* from sleep dependencies
78 silly cache add args [ 'nan@*', null ]
79 verbose cache add spec nan@*
80 silly cache add parsed spec { raw: 'nan@*',
80 silly cache add   scope: null,
80 silly cache add   name: 'nan',
80 silly cache add   rawSpec: '*',
80 silly cache add   spec: '*',
80 silly cache add   type: 'range' }
81 verbose addNamed nan@*
82 silly addNamed semver.valid null
83 silly addNamed semver.validRange *
84 silly addNameRange { name: 'nan', range: '*', hasData: false }
85 silly mapToRegistry name nan
86 silly mapToRegistry using default registry
87 silly mapToRegistry registry https://registry.npmjs.org/
88 silly mapToRegistry uri https://registry.npmjs.org/nan
89 verbose addNameRange registry:https://registry.npmjs.org/nan not in flight; fetching
90 verbose request uri https://registry.npmjs.org/nan
91 verbose request no auth needed
92 info attempt registry request try #1 at 04:46:52
93 verbose etag "CWMZR9BQ6YD6KL99MGG0CU5U5"
94 http request GET https://registry.npmjs.org/nan
95 http 200 https://registry.npmjs.org/nan
96 silly get cb [ 200,
96 silly get   { server: 'CouchDB/1.5.0 (Erlang OTP/R16B03)',
96 silly get     etag: '"9T2TEINHQE1CYR42PWQNCEY3X"',
96 silly get     'content-type': 'application/json',
96 silly get     'cache-control': 'max-age=60',
96 silly get     'content-length': '109608',
96 silly get     'accept-ranges': 'bytes',
96 silly get     date: 'Sat, 18 Jul 2015 07:46:52 GMT',
96 silly get     via: '1.1 varnish',
96 silly get     age: '43',
96 silly get     connection: 'keep-alive',
96 silly get     'x-served-by': 'cache-atl6230-ATL',
96 silly get     'x-cache': 'HIT',
96 silly get     'x-cache-hits': '2',
96 silly get     'x-timer': 'S1437205612.350271,VS0,VE0',
96 silly get     vary: 'Accept' } ]
97 verbose get saving nan to C:\Users\Renan\AppData\Roaming\npm-cache\registry.npmjs.org\nan\.cache.json
98 silly addNameRange number 2 { name: 'nan', range: '*', hasData: true }
99 silly addNameRange versions [ 'nan',
99 silly addNameRange   [ '0.3.0-wip',
99 silly addNameRange     '0.3.0-wip2',
99 silly addNameRange     '0.3.0',
99 silly addNameRange     '0.3.1',
99 silly addNameRange     '0.3.2',
99 silly addNameRange     '0.4.0',
99 silly addNameRange     '0.4.1',
99 silly addNameRange     '0.4.2',
99 silly addNameRange     '0.4.3',
99 silly addNameRange     '0.4.4',
99 silly addNameRange     '0.5.0',
99 silly addNameRange     '0.5.1',
99 silly addNameRange     '0.5.2',
99 silly addNameRange     '0.6.0',
99 silly addNameRange     '0.7.0',
99 silly addNameRange     '0.7.1',
99 silly addNameRange     '0.8.0',
99 silly addNameRange     '1.0.0',
99 silly addNameRange     '1.1.0',
99 silly addNameRange     '1.1.1',
99 silly addNameRange     '1.1.2',
99 silly addNameRange     '1.2.0',
99 silly addNameRange     '1.3.0',
99 silly addNameRange     '1.4.0',
99 silly addNameRange     '1.4.1',
99 silly addNameRange     '1.5.0',
99 silly addNameRange     '1.4.2',
99 silly addNameRange     '1.4.3',
99 silly addNameRange     '1.5.1',
99 silly addNameRange     '1.5.2',
99 silly addNameRange     '1.6.0',
99 silly addNameRange     '1.5.3',
99 silly addNameRange     '1.6.1',
99 silly addNameRange     '1.6.2',
99 silly addNameRange     '1.7.0',
99 silly addNameRange     '1.8.0',
99 silly addNameRange     '1.8.1',
99 silly addNameRange     '1.8.2',
99 silly addNameRange     '1.8.3',
99 silly addNameRange     '1.8.4' ] ]
100 verbose addNamed nan@1.8.4
101 silly addNamed semver.valid 1.8.4
102 silly addNamed semver.validRange 1.8.4
103 silly cache afterAdd nan@1.8.4
104 verbose afterAdd C:\Users\Renan\AppData\Roaming\npm-cache\nan\1.8.4\package\package.json not in flight; writing
105 verbose afterAdd C:\Users\Renan\AppData\Roaming\npm-cache\nan\1.8.4\package\package.json written
106 silly install resolved [ { name: 'nan',
106 silly install resolved     version: '1.8.4',
106 silly install resolved     description: 'Native Abstractions for Node.js: C++ header for Node 0.8->0.12 compatibility',
106 silly install resolved     main: 'include_dirs.js',
106 silly install resolved     repository: { type: 'git', url: 'git://github.com/iojs/nan.git' },
106 silly install resolved     scripts:
106 silly install resolved      { test: 'tap --gc test/js/*-test.js',
106 silly install resolved        'rebuild-tests': 'pangyp rebuild --directory test' },
106 silly install resolved     contributors:
106 silly install resolved      [ [Object],
106 silly install resolved        [Object],
106 silly install resolved        [Object],
106 silly install resolved        [Object],
106 silly install resolved        [Object],
106 silly install resolved        [Object],
106 silly install resolved        [Object] ],
106 silly install resolved     devDependencies:
106 silly install resolved      { bindings: '~1.2.1',
106 silly install resolved        'node-gyp': '~1.0.2',
106 silly install resolved        pangyp: '~2.0.1',
106 silly install resolved        tap: '~0.7.1',
106 silly install resolved        xtend: '~4.0.0' },
106 silly install resolved     license: 'MIT',
106 silly install resolved     gitHead: 'ed3bbf4ced0cf7937b4e4164766797f71aa97f3d',
106 silly install resolved     bugs: { url: 'https://github.com/iojs/nan/issues' },
106 silly install resolved     homepage: 'https://github.com/iojs/nan#readme',
106 silly install resolved     _id: 'nan@1.8.4',
106 silly install resolved     _shasum: '3c76b5382eab33e44b758d2813ca9d92e9342f34',
106 silly install resolved     _from: 'nan@*',
106 silly install resolved     _npmVersion: '2.8.3',
106 silly install resolved     _nodeVersion: '0.12.2',
106 silly install resolved     _npmUser: { name: 'kkoopa', email: 'bbyholm@abo.fi' },
106 silly install resolved     maintainers: [ [Object], [Object] ],
106 silly install resolved     dist:
106 silly install resolved      { shasum: '3c76b5382eab33e44b758d2813ca9d92e9342f34',
106 silly install resolved        tarball: 'http://registry.npmjs.org/nan/-/nan-1.8.4.tgz' },
106 silly install resolved     directories: {},
106 silly install resolved     _resolved: 'https://registry.npmjs.org/nan/-/nan-1.8.4.tgz',
106 silly install resolved     readme: 'ERROR: No README data found!' } ]
107 info install nan@1.8.4 into F:\luver-box\server\public\www\labs\automation-server-client\node_modules\sleep
108 info installOne nan@1.8.4
109 verbose installOne of nan to F:\luver-box\server\public\www\labs\automation-server-client\node_modules\sleep not in flight; installing
110 verbose lock using C:\Users\Renan\AppData\Roaming\npm-cache\_locks\nan-2e0727c9ca1e8279.lock for F:\luver-box\server\public\www\labs\automation-server-client\node_modules\sleep\node_modules\nan
111 silly install write writing nan 1.8.4 to F:\luver-box\server\public\www\labs\automation-server-client\node_modules\sleep\node_modules\nan
112 silly cache addNamed cb nan@1.8.4
113 verbose unbuild node_modules\sleep\node_modules\nan
114 silly gentlyRm F:\luver-box\server\public\www\labs\automation-server-client\node_modules\sleep\node_modules\nan is being purged from base F:\luver-box\server\public\www\labs\automation-server-client
115 verbose gentlyRm don't care about contents; nuking F:\luver-box\server\public\www\labs\automation-server-client\node_modules\sleep\node_modules\nan
116 verbose tar unpack C:\Users\Renan\AppData\Roaming\npm-cache\nan\1.8.4\package.tgz
117 verbose tar unpacking to F:\luver-box\server\public\www\labs\automation-server-client\node_modules\sleep\node_modules\nan
118 silly gentlyRm F:\luver-box\server\public\www\labs\automation-server-client\node_modules\sleep\node_modules\nan is being purged
119 verbose gentlyRm don't care about contents; nuking F:\luver-box\server\public\www\labs\automation-server-client\node_modules\sleep\node_modules\nan
120 silly gunzTarPerm modes [ '777', '666' ]
121 silly gunzTarPerm extractEntry package.json
122 silly gunzTarPerm modified mode [ 'package.json', 436, 438 ]
123 silly gunzTarPerm extractEntry README.md
124 silly gunzTarPerm modified mode [ 'README.md', 436, 438 ]
125 silly gunzTarPerm extractEntry include_dirs.js
126 silly gunzTarPerm modified mode [ 'include_dirs.js', 436, 438 ]
127 silly gunzTarPerm extractEntry LICENSE.md
128 silly gunzTarPerm modified mode [ 'LICENSE.md', 436, 438 ]
129 silly gunzTarPerm extractEntry .dntrc
130 silly gunzTarPerm modified mode [ '.dntrc', 436, 438 ]
131 silly gunzTarPerm extractEntry appveyor.yml
132 silly gunzTarPerm modified mode [ 'appveyor.yml', 436, 438 ]
133 silly gunzTarPerm extractEntry nan.h
134 silly gunzTarPerm modified mode [ 'nan.h', 436, 438 ]
135 silly gunzTarPerm extractEntry nan_implementation_12_inl.h
136 silly gunzTarPerm modified mode [ 'nan_implementation_12_inl.h', 436, 438 ]
137 silly gunzTarPerm extractEntry nan_implementation_pre_12_inl.h
138 silly gunzTarPerm modified mode [ 'nan_implementation_pre_12_inl.h', 436, 438 ]
139 silly gunzTarPerm extractEntry nan_new.h
140 silly gunzTarPerm modified mode [ 'nan_new.h', 436, 438 ]
141 silly gunzTarPerm extractEntry nan_string_bytes.h
142 silly gunzTarPerm modified mode [ 'nan_string_bytes.h', 436, 438 ]
143 silly gunzTarPerm extractEntry CHANGELOG.md
144 silly gunzTarPerm modified mode [ 'CHANGELOG.md', 436, 438 ]
145 info preinstall nan@1.8.4
146 silly install resolved []
147 verbose about to build F:\luver-box\server\public\www\labs\automation-server-client\node_modules\sleep\node_modules\nan
148 info build F:\luver-box\server\public\www\labs\automation-server-client\node_modules\sleep\node_modules\nan
149 verbose linkStuff [ false,
149 verbose linkStuff   false,
149 verbose linkStuff   false,
149 verbose linkStuff   'F:\\luver-box\\server\\public\\www\\labs\\automation-server-client\\node_modules\\sleep\\node_modules' ]
150 info linkStuff nan@1.8.4
151 verbose linkBins nan@1.8.4
152 verbose linkMans nan@1.8.4
153 verbose rebuildBundles nan@1.8.4
154 info install nan@1.8.4
155 info postinstall nan@1.8.4
156 verbose unlock done using C:\Users\Renan\AppData\Roaming\npm-cache\_locks\nan-2e0727c9ca1e8279.lock for F:\luver-box\server\public\www\labs\automation-server-client\node_modules\sleep\node_modules\nan
157 verbose about to build F:\luver-box\server\public\www\labs\automation-server-client\node_modules\sleep
158 info build F:\luver-box\server\public\www\labs\automation-server-client\node_modules\sleep
159 verbose linkStuff [ false,
159 verbose linkStuff   false,
159 verbose linkStuff   false,
159 verbose linkStuff   'F:\\luver-box\\server\\public\\www\\labs\\automation-server-client\\node_modules' ]
160 info linkStuff sleep@2.0.0
161 verbose linkBins sleep@2.0.0
162 verbose linkMans sleep@2.0.0
163 verbose rebuildBundles sleep@2.0.0
164 verbose rebuildBundles [ 'nan' ]
165 info install sleep@2.0.0
166 verbose unsafe-perm in lifecycle true
167 info sleep@2.0.0 Failed to exec install script
168 verbose unlock done using C:\Users\Renan\AppData\Roaming\npm-cache\_locks\sleep-426146a2144ca0e9.lock for F:\luver-box\server\public\www\labs\automation-server-client\node_modules\sleep
169 verbose stack Error: sleep@2.0.0 install: `node-gyp rebuild`
169 verbose stack Exit status 1
169 verbose stack     at EventEmitter.<anonymous> (c:\Program Files\nodejs\node_modules\npm\lib\utils\lifecycle.js:213:16)
169 verbose stack     at EventEmitter.emit (events.js:110:17)
169 verbose stack     at ChildProcess.<anonymous> (c:\Program Files\nodejs\node_modules\npm\lib\utils\spawn.js:14:12)
169 verbose stack     at ChildProcess.emit (events.js:110:17)
169 verbose stack     at maybeClose (child_process.js:1015:16)
169 verbose stack     at Process.ChildProcess._handle.onexit (child_process.js:1087:5)
170 verbose pkgid sleep@2.0.0
171 verbose cwd F:\luver-box\server\public\www\labs\automation-server-client
172 error Windows_NT 6.3.9600
173 error argv "c:\\Program Files\\nodejs\\node.exe" "c:\\Program Files\\nodejs\\node_modules\\npm\\bin\\npm-cli.js" "i" "sleep" "--save"
174 error node v0.12.2
175 error npm  v2.7.4
176 error code ELIFECYCLE
177 error sleep@2.0.0 install: `node-gyp rebuild`
177 error Exit status 1
178 error Failed at the sleep@2.0.0 install script 'node-gyp rebuild'.
178 error This is most likely a problem with the sleep package,
178 error not with npm itself.
178 error Tell the author that this fails on your system:
178 error     node-gyp rebuild
178 error You can get their info via:
178 error     npm owner ls sleep
178 error There is likely additional logging output above.
179 verbose exit [ 1, true ]
180 verbose unbuild node_modules\sleep
181 info preuninstall sleep@2.0.0
182 info uninstall sleep@2.0.0
183 verbose unbuild rmStuff sleep@2.0.0 from F:\luver-box\server\public\www\labs\automation-server-client\node_modules
184 info postuninstall sleep@2.0.0
185 silly gentlyRm F:\luver-box\server\public\www\labs\automation-server-client\node_modules\sleep is being purged from base F:\luver-box\server\public\www\labs\automation-server-client
186 verbose gentlyRm don't care about contents; nuking F:\luver-box\server\public\www\labs\automation-server-client\node_modules\sleep
187 silly vacuum-fs purging F:\luver-box\server\public\www\labs\automation-server-client\node_modules\sleep
188 silly vacuum-fs quitting because other entries in F:\luver-box\server\public\www\labs\automation-server-client\node_modules
